{"/home/daniel/Project_SE2_2018/someModule.js": {"path":"/home/daniel/Project_SE2_2018/someModule.js","statementMap":{"0":{"start":{"line":2,"column":4},"end":{"line":2,"column":14}},"1":{"start":{"line":5,"column":0},"end":{"line":5,"column":44}}},"fnMap":{"0":{"name":"concatenateStrings","decl":{"start":{"line":1,"column":9},"end":{"line":1,"column":27}},"loc":{"start":{"line":1,"column":34},"end":{"line":3,"column":1}},"line":1}},"branchMap":{},"s":{"0":2,"1":1},"f":{"0":2},"b":{},"_coverageSchema":"332fd63041d2c1bcb487cc26dd0d5f7d97098a6c","hash":"dd7f095d7c02d2dbc61299e2c6b39a14fd430624"}
}
